-4.00074 -4.0009
-3.96467 -3.96441
-4.00359 -4.00308
-3.98699 -3.98836
-4.02668 -4.02646
-4.02061 -4.01969
-3.98078 -3.98133
-3.99646 -3.99693
-4.03398 -4.0337
-4.03953 -4.03985
-4.03231 -4.03251
-3.97748 -3.9776
-4.00057 -4.00023
-3.9899 -3.98897
-3.99567 -3.99544
-3.9562 -3.95792
-4.02218 -4.02228
-4.03858 -4.0386
-4.02444 -4.02462
-4.00255 -4.00215
-4.03679 -4.03682
-4.01081 -4.01168
-4.01406 -4.01402
-4.04083 -4.04086
-3.99701 -3.99698
-4.02249 -4.02313
-4.04339 -4.044
-4.0266 -4.02632
-4.02792 -4.02862
-3.96374 -3.96586
-4.02106 -4.02052
-4.03567 -4.0358
-4.02302 -4.02365
-3.98032 -3.98167
-4.01707 -4.01825
-4.04108 -4.04131
-4.02701 -4.02767
-4.023 -4.02391
-4.01301 -4.01248
-4.04373 -4.0436
-4.01304 -4.01311
-4.00581 -4.00347
-4.03581 -4.03616
-4.04228 -4.04279
-4.03266 -4.03288
-4.04053 -4.04029
-4.01574 -4.01527
-4.03564 -4.03596
-4.04207 -4.04198
-4.0204 -4.01962
-3.93999 -3.94245
-3.98344 -3.983
-4.017 -4.01731
-4.03862 -4.03902
-4.01663 -4.01628
-4.02787 -4.02802
-3.99818 -3.99811
-3.99974 -3.99967
-4.02522 -4.02513
-3.96183 -3.96347
-4.02549 -4.02563
-4.04091 -4.04085
-4.01256 -4.01263
-4.01078 -4.01097
-3.97015 -3.9699
-4.04303 -4.04334
-4.03896 -4.03933
-4.02844 -4.02843
-3.98608 -3.987
-4.03917 -4.03897
-4.04133 -4.04125
-4.02065 -4.02031
-4.03672 -4.03761
-4.04175 -4.04182
-3.97507 -3.97488
-4.03185 -4.03165
-4.01042 -4.01062
-4.04629 -4.04643
-4.04336 -4.04361
-3.97862 -3.97828
-4.03684 -4.03738
-3.96758 -3.9675
-3.98103 -3.98091
-4.03292 -4.03332
-3.98071 -3.98039
-3.97757 -3.97722
-4.04133 -4.04136
-4.03123 -4.03168
-4.03731 -4.03781
-3.9943 -3.9955
-3.99316 -3.99253
-3.99034 -3.99147
-3.99809 -3.99744
-3.98148 -3.98033
-4.00449 -4.00434
-4.04527 -4.04508
-4.01474 -4.01343
-3.95706 -3.95847
-3.97584 -3.97583
-4.03313 -4.03337
-4.04281 -4.04323
-4.02596 -4.0265
-4.0473 -4.04775
-4.02629 -4.02621
-3.97861 -3.97837
-4.02443 -4.02334
-4.02965 -4.02978
-4.00994 -4.0098
-3.96231 -3.95839
-3.97461 -3.97407
-4.02237 -4.02148
-4.01836 -4.01834
-3.98148 -3.98055
-3.96223 -3.95809
-3.98655 -3.98678
-4.0167 -4.01665
-4.04061 -4.04077
-4.02035 -4.02007
-3.97736 -3.97692
-4.0329 -4.03368
-4.03073 -4.03053
-4.01446 -4.01421
-4.0407 -4.04112
-3.97666 -3.97554
-4.04484 -4.04541
-4.01689 -4.01643
-3.98038 -3.97986
-4.01076 -4.01111
-4.03612 -4.03627
-4.04202 -4.04226
-3.98495 -3.98481
-4.01745 -4.0184
-4.04261 -4.04291
-4.00317 -4.00341
-3.95779 -3.95684
-4.04475 -4.04523
-4.01676 -4.01625
-3.93742 -3.93949
-4.03889 -4.03946
-3.97803 -3.97941
-4.00294 -4.00253
-4.02931 -4.02956
-3.9833 -3.98135
-4.03944 -4.03966
-4.02733 -4.02798
-4.03999 -4.04045
-3.99348 -3.99305
-4.02454 -4.02543
-4.03646 -4.03671
-3.98594 -3.9862
-4.04215 -4.04226
-3.9766 -3.97594
-4.02358 -4.0235
-4.04449 -4.04445
-4.03362 -4.0344
-4.00653 -4.00604
-4.04039 -4.0411
-3.98012 -3.97979
-4.04344 -4.04381
-3.98009 -3.97977
-3.98237 -3.98134
-4.04832 -4.04844
-4.04013 -4.04062
-3.98024 -3.9802
-4.01754 -4.0172
-3.97253 -3.97212
-4.00996 -4.00963
-3.97436 -3.974
-4.02372 -4.02341
-3.97167 -3.97124
-4.01502 -4.01518
-4.01687 -4.0158
-3.98968 -3.98891
-4.0249 -4.02536
-4.02632 -4.02661
-4.0428 -4.04291
-4.03129 -4.03165
-3.98484 -3.98422
-4.03661 -4.03715
-4.00907 -4.00949
-3.97264 -3.97195
-3.95625 -3.95807
-4.02174 -4.02121
-4.03396 -4.03391
-4.02996 -4.03034
-4.04208 -4.04232
-4.02663 -4.02594
-4.02225 -4.02339
-4.01658 -4.01719
-3.97765 -3.97707
-4.04055 -4.04046
-4.04197 -4.04188
-3.98083 -3.9806
-4.0263 -4.02562
-4.04022 -4.04064
-4.0413 -4.04117
-4.03677 -4.03674
-4.03412 -4.03436
-4.02499 -4.02512
-4.03512 -4.0352
-4.01549 -4.01579
-3.98655 -3.98797
-4.03129 -4.03185
-3.98485 -3.986
-4.03093 -4.03126
-3.97756 -3.9779
-4.03938 -4.03991
-4.01619 -4.01558
-3.99582 -3.99598
-3.98327 -3.98195
-4.0128 -4.01255
-4.01768 -4.0172
-4.02376 -4.02424
-4.0126 -4.01212
-4.03696 -4.03731
-4.00568 -4.00538
-4.01348 -4.01201
-3.9842 -3.98247
-4.04224 -4.04274
-3.99315 -3.99256
-4.00659 -4.00611
-3.985 -3.98446
-3.98787 -3.98689
-4.04199 -4.04226
-4.02242 -4.0226
-4.04173 -4.04176
-4.02326 -4.02283
-4.04168 -4.04188
-4.0431 -4.04324
-4.00445 -4.00446
-3.98986 -3.99091
-4.04118 -4.04142
-4.02593 -4.02561
-4.03822 -4.03796
-4.02544 -4.02502
-4.04262 -4.04308
-4.04122 -4.04191
-4.01961 -4.01956
-4.01577 -4.01629
-3.96061 -3.96231
-3.97277 -3.97205
-3.99019 -3.99108
-4.01834 -4.01771
-3.98052 -3.9801
-4.01074 -4.01071
-4.02578 -4.02616
-3.9837 -3.98375
-4.03442 -4.03497
-4.03697 -4.03658
-4.03784 -4.03762
-4.02656 -4.02678
-4.00617 -4.00577
-3.99116 -3.99052
-4.01105 -4.01068
-3.98129 -3.98115
-4.04474 -4.04516
-4.04006 -4.04027
-4.02184 -4.02266
-3.97394 -3.97359
-3.99868 -3.99841
-4.04323 -4.043
-4.04238 -4.04258
-4.04357 -4.04337
-4.01154 -4.01247
-4.0092 -4.00911
-4.00284 -4.00359
-4.03367 -4.03427
-4.00871 -4.00919
-3.99624 -3.98717
-4.04597 -4.04617
-4.02771 -4.02806
-3.98186 -3.98148
-4.03705 -4.03748
-4.0416 -4.04188
-3.98254 -3.9834
-3.98633 -3.98581
-4.04088 -4.041
-3.98324 -3.98282
-4.04095 -4.04119
-4.02907 -4.02945
-3.99475 -3.9942
-3.9835 -3.98286
-4.04043 -4.04052
-3.96851 -3.96832
-4.02774 -4.02844
-4.02145 -4.02082
-4.01988 -4.01937
-4.03817 -4.03804
-3.98267 -3.98387
-3.99168 -3.99204
-4.04062 -4.04094
-4.04081 -4.04102
-4.01547 -4.01534
-4.04425 -4.04445
-3.975 -3.97409
-4.03799 -4.03881
-3.98924 -3.99032
-4.0415 -4.04169
-3.95636 -3.95825
-3.97157 -3.97145
-4.03924 -4.03898
-3.98019 -3.97994
-4.04538 -4.0454
-4.0188 -4.01872
-4.00324 -4.00313
-3.99883 -3.99937
-4.04068 -4.04133
-4.01786 -4.01831
-3.99738 -3.9974
-4.02726 -4.027
-4.00086 -4.00074
-4.03153 -4.03237
-3.97697 -3.97645
-4.04321 -4.04393
-4.00692 -4.00692
-4.04108 -4.04117
-3.98573 -3.98695
-3.9855 -3.98484
-4.02994 -4.03001
-3.9947 -3.99551
-4.02563 -4.02527
-3.99642 -3.98718
-4.00552 -4.00568
-4.04248 -4.04277
-4.03857 -4.03929
-4.0203 -4.01974
-4.03294 -4.0331
-3.97593 -3.97485
-4.04121 -4.04163
-4.03652 -4.03648
-3.99994 -3.99979
-4.04758 -4.04732
-4.02118 -4.02111
-3.99173 -3.99259
-3.98596 -3.98707
-4.03953 -4.03987
-4.0107 -4.01096
-4.01818 -4.01728
-4.04124 -4.04156
-3.99148 -3.99197
-4.03659 -4.03619
-4.04225 -4.04258
-4.04374 -4.04396
-3.98149 -3.98096
-4.02726 -4.0277
-4.02571 -4.02556
-4.04509 -4.04525
-4.02439 -4.02407
-3.99261 -3.99202
-3.97475 -3.97482
-3.99065 -3.9921
-4.0492 -4.04933
-4.02005 -4.02013
-4.04864 -4.04899
-4.02845 -4.02915
-3.96218 -3.95834
-4.04595 -4.04624
-4.02205 -4.02189
-4.03604 -4.03606
-4.03442 -4.03441
-4.01668 -4.01561
-4.04029 -4.04035
-4.00381 -4.00354
-3.983 -3.98224
-4.01567 -4.01583
-3.96878 -3.96887
-4.00399 -4.00368
-4.02775 -4.0285
-4.00692 -4.00752
-4.04494 -4.04497
-3.9625 -3.95846
-4.0141 -4.01415
-4.04137 -4.04148
-4.02993 -4.03011
-3.97251 -3.97196
-3.95795 -3.9572
-4.00236 -4.00257
-4.0312 -4.03146
-3.97244 -3.97227
-4.04091 -4.04057
-4.03939 -4.03984
-4.03954 -4.04007
-4.04131 -4.04126
-4.04498 -4.04521
-4.04306 -4.04315
-3.98305 -3.984
-3.97638 -3.9756
-3.97556 -3.97456
-4.00535 -4.00541
-4.00408 -4.00414
-3.97258 -3.97203
-3.99519 -3.99457
-4.0235 -4.02416
-4.0362 -4.03648
-4.04606 -4.04635
-3.99993 -4.00001
-4.00637 -4.00632
-4.04222 -4.04249
-3.97497 -3.9739
-4.02023 -4.01978
-4.03954 -4.03935
-4.02329 -4.02339
-4.02055 -4.02069
-4.00093 -4.00125
-4.03489 -4.03559
-4.00452 -4.00446
-4.03749 -4.03761
-4.01436 -4.01472
-4.04302 -4.04317
-4.04022 -4.04058
-3.99251 -3.99177
-3.97451 -3.97418
-4.04139 -4.04192
-4.02903 -4.02929
-4.03953 -4.03991
-4.04313 -4.04323
-4.01647 -4.01591
-3.99698 -3.99702
-4.0036 -4.00392
-4.026 -4.02588
-4.04126 -4.04139
-3.97262 -3.97187
-3.99366 -3.99348
-4.04133 -4.04174
-3.97703 -3.97858
-4.02993 -4.03031
-3.95954 -3.96138
-4.01815 -4.01881
-3.98173 -3.98143
-3.99881 -3.99853
-3.99402 -3.99372
-3.97637 -3.97555
-4.01028 -4.01113
-4.03167 -4.0322
-4.01794 -4.01826
-4.0204 -4.02039
-4.03504 -4.03519
-4.03936 -4.03954
-4.04175 -4.04195
-4.03095 -4.0309
-4.03292 -4.03319
-4.0254 -4.02544
-4.04306 -4.04369
-4.03694 -4.03697
-3.99856 -3.99851
-3.99819 -3.99791
-3.98218 -3.98177
-3.9728 -3.97251
-4.02943 -4.02975
-4.00183 -4.00201
-4.03995 -4.03996
-4.04596 -4.0463
-4.03709 -4.03789
-4.04107 -4.04125
-4.04067 -4.04118
-4.04554 -4.04576
-3.99619 -3.987
-3.98186 -3.98282
-4.03204 -4.03265
-4.01844 -4.01882
-4.01928 -4.01851
-4.01276 -4.01364
-4.00456 -4.00414
-4.00402 -4.00452
-4.03618 -4.03563
-3.97563 -3.97475
-3.97166 -3.97034
-3.99715 -3.99686
-4.03214 -4.03272
-3.9979 -3.99774
-4.0142 -4.0138
-3.96926 -3.96889
-4.00546 -4.00517
-4.03562 -4.03633
-3.97798 -3.9778
-3.99922 -3.99898
-4.04348 -4.0436
-4.03222 -4.0324
-4.04063 -4.04075
-4.00417 -4.00434
-4.041 -4.04138
-4.03316 -4.03384
-4.04456 -4.04441
-4.03326 -4.03283
-4.02793 -4.02823
-3.96799 -3.96793
-3.99605 -3.99616
-4.01187 -4.01299
-4.04074 -4.04096
-4.04254 -4.04234
-3.98268 -3.98161
-4.02112 -4.02065
-4.02586 -4.02668
-3.97803 -3.97789
-3.98561 -3.98703
-4.04135 -4.04138
-4.02061 -4.02042
-4.00193 -4.00139
-3.98215 -3.98259
-3.98238 -3.98211
-3.97521 -3.97395
-3.99127 -3.99161
-4.02735 -4.02799
-3.99414 -3.99372
-3.9992 -3.99889
-3.97052 -3.96923
-4.03751 -4.03774
-3.99485 -3.99095
-4.02491 -4.02535
-4.03896 -4.03921
-4.0391 -4.03908
-4.01902 -4.01941
-4.02136 -4.02154
-4.04232 -4.0425
-4.01599 -4.0154
-4.04536 -4.04569
-4.04132 -4.04152
-3.98496 -3.98596
-4.04258 -4.04259
-4.03746 -4.03765
-4.03852 -4.0384
-4.01833 -4.01853
-4.00171 -4.00259
-4.03311 -4.03309
-4.03538 -4.03614
-3.97731 -3.97686
-3.96668 -3.96635
-4.03921 -4.03946
-4.02745 -4.02773
-4.02195 -4.02236
-3.97835 -3.97953
-4.03554 -4.03611
-3.97247 -3.97239
-3.96309 -3.95931
-3.98533 -3.98667
-4.04068 -4.04105
-4.02469 -4.02431
-4.03145 -4.03173
-3.98151 -3.981
-4.04051 -4.04076
-4.02362 -4.02354
-3.97805 -3.97777
-4.04304 -4.04337
-4.04115 -4.04112
-4.045 -4.04494
-4.01687 -4.01587
-4.01289 -4.01265
-4.04219 -4.04234
-3.97312 -3.97296
-4.02169 -4.02161
-4.02019 -4.0204
-4.03869 -4.03937
-4.03856 -4.03912
-4.0324 -4.033
-4.03985 -4.03992
-4.0151 -4.01386
-4.04432 -4.04421
-4.01735 -4.01839
-4.04086 -4.04066
-3.97967 -3.97973
-3.98146 -3.98139
-4.01971 -4.01968
-4.02595 -4.02654
-4.03588 -4.0361
-3.96045 -3.96215
-4.02936 -4.02969
-3.9673 -3.96718
-4.0129 -4.01389
-4.03708 -4.03759
-3.99597 -3.99581
-3.97742 -3.97701
-4.00482 -4.00435
-4.0394 -4.04013
-4.01602 -4.01707
-3.9564 -3.9582
-4.0332 -4.03341
-4.01004 -4.01041
-4.01393 -4.0125
-4.04232 -4.04252
-3.99707 -3.99302
-4.03417 -4.03491
-4.02077 -4.01999
-4.0045 -4.00484
-4.0094 -4.00908
-4.04372 -4.04388
-4.00167 -4.00261
-3.95782 -3.95704
-4.02785 -4.02831
-3.97103 -3.97096
-3.99841 -3.99858
-4.01697 -4.01761
-4.02265 -4.02283
-3.99965 -3.99947
-4.04446 -4.0452
-4.04355 -4.04358
-3.96911 -3.96921
-4.04156 -4.04159
-4.00153 -4.00161
-3.96774 -3.96689
-4.0267 -4.02722
-4.00231 -4.00252
-4.04445 -4.04438
-4.02038 -4.02035
-4.04263 -4.04286
-3.97481 -3.97379
-3.9366 -3.93888
-4.01054 -4.01075
-3.96461 -3.96412
-4.00072 -4.00092
-4.03882 -4.0393
-4.02851 -4.02875
-3.96792 -3.96759
-4.04511 -4.04513
-4.04826 -4.04851
-3.98263 -3.98218
-4.04052 -4.04036
-4.00154 -4.00163
-4.03007 -4.03074
-4.00491 -4.00253
-3.97745 -3.97758
-4.01958 -4.02051
-3.97627 -3.97566
-4.04312 -4.04322
-4.01569 -4.01646
-4.02813 -4.02882
-4.0256 -4.02624
-3.99725 -3.98785
-4.01363 -4.01387
-4.0119 -4.01187
-4.01271 -4.0124
-3.97557 -3.97558
-4.04842 -4.04844
-4.03283 -4.03293
-4.01253 -4.01204
-4.03892 -4.0392
-4.03711 -4.03766
-4.01486 -4.01484
-4.02746 -4.0281
-4.03825 -4.03787
-4.02365 -4.02358
-3.93751 -3.94008
-3.96792 -3.96758
-4.0415 -4.04195
-4.0422 -4.04263
-4.00187 -4.00181
-4.02671 -4.02736
-4.04483 -4.04482
-4.00153 -4.00139
-4.04115 -4.04156
-4.04761 -4.04751
-3.99623 -3.99621
-4.01966 -4.0198
-4.01358 -4.01358
-4.04373 -4.04346
-4.04078 -4.04084
-4.04292 -4.04313
-4.04172 -4.04196
-4.03601 -4.03655
-3.97499 -3.97377
-4.01112 -4.01125
-4.01603 -4.01596
-3.96744 -3.96674
-3.99459 -3.99392
-3.97477 -3.97362
-4.03818 -4.03883
-3.99634 -3.99639
-4.03347 -4.03337
-4.02341 -4.02363
-4.0157 -4.01578
-4.01652 -4.01614
-4.00579 -4.00615
-3.99379 -3.99352
-4.00471 -4.00479
-4.03278 -4.0334
-4.03737 -4.03716
-4.01893 -4.01944
-4.04134 -4.04142
-4.01357 -4.01325
-4.04194 -4.04211
-4.03979 -4.04006
-3.97013 -3.96884
-4.0356 -4.03568
-4.01064 -4.0119
-4.0148 -4.01343
-3.9886 -3.98855
-3.96038 -3.9621
-4.02225 -4.02313
-4.04316 -4.04337
-4.03832 -4.03882
-4.00672 -4.00429
-3.97423 -3.97394
-3.99851 -3.9979
-4.00575 -4.0055
-4.0436 -4.04403
-4.00175 -4.00182
-3.97495 -3.97422
-4.03312 -4.03376
-4.03637 -4.03667
-4.0044 -4.00455
-3.99807 -3.98894
-4.02191 -4.02231
-4.01274 -4.01263
-3.97255 -3.97184
-4.03861 -4.03884
-4.04236 -4.04281
-4.0016 -4.00135
-4.007 -4.00738
-3.95853 -3.95817
-4.04881 -4.04901
-4.03922 -4.03906
-4.01291 -4.01293
-3.9821 -3.98283
-4.02674 -4.02723
-3.9815 -3.98122
-4.04176 -4.04172
-4.02628 -4.02676
-4.04018 -4.04029
-4.02402 -4.0244
-3.99708 -3.99694
-4.03266 -4.03332
-3.98882 -3.98804
-4.02813 -4.02801
-4.0178 -4.01844
-3.99127 -3.99069
-4.01176 -4.01158
-4.03411 -4.03433
-3.99608 -3.99171
-4.00629 -4.00614
-4.03281 -4.03345
-4.02612 -4.02512
-4.02259 -4.02303
-4.04368 -4.0441
-4.01147 -4.01126
-3.96785 -3.96691
-3.96627 -3.96623
-4.03267 -4.03287
-4.03109 -4.03118
-4.00545 -4.0051
-4.0208 -4.02047
-4.03569 -4.03586
-4.0329 -4.03308
-4.04328 -4.04373
-4.01899 -4.01899
-3.99037 -3.9906
-4.03391 -4.03483
-4.036 -4.03653
-4.03444 -4.03504
-4.03599 -4.03659
-4.0021 -4.00188
-3.97088 -3.97076
-4.03744 -4.03779
-3.98632 -3.98566
-4.02033 -4.02023
-4.04319 -4.04373
-4.04472 -4.04515
-4.00196 -4.0029
-4.02694 -4.0278
-4.03925 -4.0393
-3.98352 -3.98154
-3.98054 -3.98017
-3.99069 -3.99187
-4.00539 -4.0053
-4.02872 -4.02899
-4.02011 -4.01965
-4.00258 -4.0026
-4.03821 -4.03833
-4.04473 -4.04505
-4.01316 -4.01319
-4.01347 -4.01449
-4.00002 -4.00027
-4.0413 -4.04105
-4.03344 -4.03338
-3.95998 -3.95963
-3.99067 -3.99092
-4.00497 -4.00525
-3.99567 -3.99615
-3.98283 -3.98237
-4.00346 -4.00355
-4.04146 -4.0416
-3.98339 -3.98264
-3.98279 -3.98077
-3.9967 -3.99675
-4.00618 -4.00543
-3.96151 -3.96325
-4.04541 -4.04558
-3.98438 -3.98383
-4.04172 -4.04176
-4.02482 -4.02573
-4.00527 -4.00568
-4.04279 -4.04337
-3.98157 -3.98123
-4.03301 -4.0338
-4.04045 -4.04087
-4.03156 -4.03196
-4.04601 -4.04628
-4.04019 -4.04055
-4.02618 -4.02654
-4.02473 -4.02485
-3.96862 -3.96808
-3.97398 -3.97394
-4.02568 -4.02539
-3.97331 -3.97211
-3.98959 -3.98878
-4.03802 -4.03813
-4.00113 -4.00071
-4.03847 -4.0388
-3.96549 -3.96531
-4.03856 -4.03891
-4.00811 -4.00847
-4.04426 -4.04482
